<?xml version="1.0" encoding="UTF-8"?>
<testsuite name="uk.co.test.cucumber.runners.CustomTestRunner" time="12.399" tests="29" errors="0" skipped="0" failures="0">
  <properties>
[...]
</properties>
  <testcase name="Given the customer navigates to the CapitalOne credit card eligibility check website" classname="Scenario: The one where customer fills in all the fields and submits" time="0.002"/>
  <testcase name="When he enters valid data for all the fields" classname="Scenario: The one where customer fills in all the fields and submits" time="0"/>
  <testcase name="And he clicks CheckNow" classname="Scenario: The one where customer fills in all the fields and submits" time="0"/>
  <testcase name="Then he will be redirected to the page with positive results on eligibilty check" classname="Scenario: The one where customer fills in all the fields and submits" time="0"/>
  <testcase name="Scenario: The one where customer fills in all the fields and submits" classname="Scenario: The one where customer fills in all the fields and submits" time="7.249"/>
  <testcase name="Given the customer navigates to the CapitalOne credit card eligibility check website" classname="Scenario: The one where customer fills in only the mandatory fields and submits" time="0"/>
  <testcase name="When he enters valid data for only the mandatory fields" classname="Scenario: The one where customer fills in only the mandatory fields and submits" time="0"/>
  <testcase name="And he clicks CheckNow" classname="Scenario: The one where customer fills in only the mandatory fields and submits" time="0"/>
  <testcase name="Then he will be redirected to the page with positive results on eligibilty check" classname="Scenario: The one where customer fills in only the mandatory fields and submits" time="0"/>
  <testcase name="Scenario: The one where customer fills in only the mandatory fields and submits" classname="Scenario: The one where customer fills in only the mandatory fields and submits" time="0.813"/>
  <testcase name="Given the customer navigates to the CapitalOne credit card eligibility check website" classname="Scenario: The one where customer leaves the mandatory fields empty and submits" time="0"/>
  <testcase name="When he clicks CheckNow" classname="Scenario: The one where customer leaves the mandatory fields empty and submits" time="0"/>
  <testcase name="Then validation errors will be highlighted in red for all the mandatory fields" classname="Scenario: The one where customer leaves the mandatory fields empty and submits" time="0"/>
  <testcase name="Scenario: The one where customer leaves the mandatory fields empty and submits" classname="Scenario: The one where customer leaves the mandatory fields empty and submits" time="0.804"/>
  <testcase name="Given the customer navigates to the CapitalOne credit card eligibility check website" classname="| 12&amp;% | test.gmail.com |" time="0"/>
  <testcase name="When he enters first name &quot;12&amp;%&quot; and emailID &quot;test.gmail.com&quot;" classname="| 12&amp;% | test.gmail.com |" time="0"/>
  <testcase name="And he clicks CheckNow" classname="| 12&amp;% | test.gmail.com |" time="0"/>
  <testcase name="Then validation errors will be highlighted in red for the name and emaiID fields" classname="| 12&amp;% | test.gmail.com |" time="0"/>
  <testcase name="| 12&amp;% | test.gmail.com |" classname="| 12&amp;% | test.gmail.com |" time="1.201"/>
  <testcase name="Given the customer navigates to the CapitalOne credit card eligibility check website" classname="| 11 | Jan | 2014 |" time="0"/>
  <testcase name="When he selects date of birth with date &quot;11&quot; month &quot;Jan&quot; and year &quot;2014&quot;" classname="| 11 | Jan | 2014 |" time="0"/>
  <testcase name="And he clicks CheckNow" classname="| 11 | Jan | 2014 |" time="0"/>
  <testcase name="Then a pop-up is displayed checking if the customer is 18 years or over" classname="| 11 | Jan | 2014 |" time="0"/>
  <testcase name="| 11 | Jan | 2014 |" classname="| 11 | Jan | 2014 |" time="1.359"/>
  <testcase name="Given the customer navigates to the CapitalOne credit card eligibility check website" classname="Scenario: The one where customer fills in invalid postcode" time="0"/>
  <testcase name="When he fills in invalid postcode &quot;S12345&quot;" classname="Scenario: The one where customer fills in invalid postcode" time="0"/>
  <testcase name="And he clicks FindAddress" classname="Scenario: The one where customer fills in invalid postcode" time="0"/>
  <testcase name="Then a validation error will be highlighted in red for the postcode field" classname="Scenario: The one where customer fills in invalid postcode" time="0"/>
  <testcase name="Scenario: The one where customer fills in invalid postcode" classname="Scenario: The one where customer fills in invalid postcode" time="0.971"/>
</testsuite>