<?xml version="1.0" encoding="UTF-8"?><testsuite errors="0" failures="0" name="Verify eligibility to apply for a credit card" skipped="0" tests="6" time="165.45" timestamp="2018-01-18T23:13:48.231Z[Europe/London]"><testcase name="The one where customer fills in all the fields and submits"/><testcase name="The one where customer fills in only the mandatory fields and submits"/><testcase name="The one where customer leaves the mandatory fields empty and submits"/><testcase name="The one where customer fills in invalid first name and emailID and submits"/><testcase name="The one where customer fills in invalid DOB and submits"/><testcase name="The one where customer fills in invalid postcode"/></testsuite>